2025-11-09 13:08:37,226 - data_loader - INFO - Loading dataset...
2025-11-09 13:08:37,419 - data_loader - INFO - Dataset loaded successfully. Shape: (14372, 40)
2025-11-09 13:08:37,419 - data_loader - INFO - Estimating missing decay dates...
2025-11-09 13:08:37,420 - data_loader - ERROR - Error estimating missing decay dates: 'DECAY_DAYS'
2025-11-09 13:08:37,432 - data_loader - ERROR - Traceback: Traceback (most recent call last):
  File "C:\ProgramData\anaconda3\Lib\site-packages\pandas\core\indexes\base.py", line 3805, in get_loc
    return self._engine.get_loc(casted_key)
           ~~~~~~~~~~~~~~~~~~~~^^^^^^^^^^^^
  File "index.pyx", line 167, in pandas._libs.index.IndexEngine.get_loc
  File "index.pyx", line 196, in pandas._libs.index.IndexEngine.get_loc
  File "pandas\\_libs\\hashtable_class_helper.pxi", line 7081, in pandas._libs.hashtable.PyObjectHashTable.get_item
  File "pandas\\_libs\\hashtable_class_helper.pxi", line 7089, in pandas._libs.hashtable.PyObjectHashTable.get_item
KeyError: 'DECAY_DAYS'

The above exception was the direct cause of the following exception:

Traceback (most recent call last):
  File "C:\Users\hp\OneDrive\Desktop\Space\src\data_loader.py", line 88, in estimate_missing_decay_dates
    missing_before = df['DECAY_DAYS'].isna().sum()
                     ~~^^^^^^^^^^^^^^
  File "C:\ProgramData\anaconda3\Lib\site-packages\pandas\core\frame.py", line 4102, in __getitem__
    indexer = self.columns.get_loc(key)
  File "C:\ProgramData\anaconda3\Lib\site-packages\pandas\core\indexes\base.py", line 3812, in get_loc
    raise KeyError(key) from err
KeyError: 'DECAY_DAYS'

2025-11-09 13:10:58,964 - data_loader - INFO - Loading dataset...
2025-11-09 13:10:59,117 - data_loader - INFO - Dataset loaded successfully. Shape: (14372, 40)
2025-11-09 13:10:59,118 - data_loader - INFO - Estimating missing decay dates...
2025-11-09 13:10:59,118 - data_loader - ERROR - Error estimating missing decay dates: 'DECAY_DAYS'
2025-11-09 13:10:59,120 - data_loader - ERROR - Traceback: Traceback (most recent call last):
  File "C:\ProgramData\anaconda3\Lib\site-packages\pandas\core\indexes\base.py", line 3805, in get_loc
    return self._engine.get_loc(casted_key)
           ~~~~~~~~~~~~~~~~~~~~^^^^^^^^^^^^
  File "index.pyx", line 167, in pandas._libs.index.IndexEngine.get_loc
  File "index.pyx", line 196, in pandas._libs.index.IndexEngine.get_loc
  File "pandas\\_libs\\hashtable_class_helper.pxi", line 7081, in pandas._libs.hashtable.PyObjectHashTable.get_item
  File "pandas\\_libs\\hashtable_class_helper.pxi", line 7089, in pandas._libs.hashtable.PyObjectHashTable.get_item
KeyError: 'DECAY_DAYS'

The above exception was the direct cause of the following exception:

Traceback (most recent call last):
  File "C:\Users\hp\OneDrive\Desktop\Space\src\data_loader.py", line 88, in estimate_missing_decay_dates
    missing_before = df['DECAY_DAYS'].isna().sum()
                     ~~^^^^^^^^^^^^^^
  File "C:\ProgramData\anaconda3\Lib\site-packages\pandas\core\frame.py", line 4102, in __getitem__
    indexer = self.columns.get_loc(key)
  File "C:\ProgramData\anaconda3\Lib\site-packages\pandas\core\indexes\base.py", line 3812, in get_loc
    raise KeyError(key) from err
KeyError: 'DECAY_DAYS'

